<?xml version="1.0" encoding="UTF-8"?>
<testng-results ignored="0" total="2" passed="2" failed="0" skipped="0">
  <reporter-output>
    <line>
      <![CDATA[CustomerLoginExecution is pass]]>
    </line>
    <line>
      <![CDATA[BankManagerLoginExecution is pass]]>
    </line>
  </reporter-output>
  <suite started-at="2023-11-27T21:50:42 IST" name="Suite" finished-at="2023-11-27T21:51:04 IST" duration-ms="21832">
    <groups>
    </groups>
    <test started-at="2023-11-27T21:50:42 IST" name="Test" finished-at="2023-11-27T21:51:04 IST" duration-ms="21832">
      <class name="com.maven.practice.LoginPage">
        <test-method is-config="true" signature="OpenBrowser(java.lang.String)[pri:0, instance:com.maven.practice.LoginPage@38cee291]" started-at="2023-11-27T21:50:42 IST" name="OpenBrowser" finished-at="2023-11-27T21:50:46 IST" duration-ms="3958" status="PASS">
          <params>
            <param index="0">
              <value>
                <![CDATA[Firefox]]>
              </value>
            </param>
          </params>
          <reporter-output>
          </reporter-output>
        </test-method> <!-- OpenBrowser -->
        <test-method is-config="true" signature="OpenApp()[pri:0, instance:com.maven.practice.LoginPage@38cee291]" started-at="2023-11-27T21:50:46 IST" name="OpenApp" finished-at="2023-11-27T21:50:49 IST" duration-ms="3393" status="PASS">
          <reporter-output>
          </reporter-output>
        </test-method> <!-- OpenApp -->
        <test-method signature="CustomerLogin()[pri:0, instance:com.maven.practice.LoginPage@38cee291]" started-at="2023-11-27T21:50:49 IST" name="CustomerLogin" finished-at="2023-11-27T21:50:55 IST" duration-ms="5555" status="PASS">
          <reporter-output>
          </reporter-output>
        </test-method> <!-- CustomerLogin -->
        <test-method is-config="true" signature="testResult(org.testng.ITestResult)[pri:0, instance:com.maven.practice.LoginPage@38cee291]" started-at="2023-11-27T21:50:55 IST" name="testResult" finished-at="2023-11-27T21:50:55 IST" duration-ms="2" status="PASS">
          <params>
            <param index="0">
              <value>
                <![CDATA[[TestResult name=CustomerLogin status=SUCCESS method=LoginPage.CustomerLogin()[pri:0, instance:com.maven.practice.LoginPage@38cee291] output={null}]]]>
              </value>
            </param>
          </params>
          <reporter-output>
            <line>
              <![CDATA[CustomerLoginExecution is pass]]>
            </line>
          </reporter-output>
        </test-method> <!-- testResult -->
        <test-method is-config="true" signature="CloseApp()[pri:0, instance:com.maven.practice.LoginPage@38cee291]" started-at="2023-11-27T21:50:55 IST" name="CloseApp" finished-at="2023-11-27T21:50:56 IST" duration-ms="1032" status="PASS">
          <reporter-output>
          </reporter-output>
        </test-method> <!-- CloseApp -->
      </class> <!-- com.maven.practice.LoginPage -->
      <class name="com.maven.practice.BankManagerLogin">
        <test-method is-config="true" signature="OpenBrowser(java.lang.String)[pri:0, instance:com.maven.practice.BankManagerLogin@1ffaf86]" started-at="2023-11-27T21:50:56 IST" name="OpenBrowser" finished-at="2023-11-27T21:50:59 IST" duration-ms="3067" status="PASS">
          <params>
            <param index="0">
              <value>
                <![CDATA[Firefox]]>
              </value>
            </param>
          </params>
          <reporter-output>
          </reporter-output>
        </test-method> <!-- OpenBrowser -->
        <test-method is-config="true" signature="OpenApp()[pri:0, instance:com.maven.practice.BankManagerLogin@1ffaf86]" started-at="2023-11-27T21:50:59 IST" name="OpenApp" finished-at="2023-11-27T21:51:02 IST" duration-ms="2546" status="PASS">
          <reporter-output>
          </reporter-output>
        </test-method> <!-- OpenApp -->
        <test-method signature="BankManagerLogin()[pri:0, instance:com.maven.practice.BankManagerLogin@1ffaf86]" started-at="2023-11-27T21:51:02 IST" name="BankManagerLogin" finished-at="2023-11-27T21:51:04 IST" duration-ms="2137" status="PASS">
          <reporter-output>
          </reporter-output>
        </test-method> <!-- BankManagerLogin -->
        <test-method is-config="true" signature="testResult(org.testng.ITestResult)[pri:0, instance:com.maven.practice.BankManagerLogin@1ffaf86]" started-at="2023-11-27T21:51:04 IST" name="testResult" finished-at="2023-11-27T21:51:04 IST" duration-ms="2" status="PASS">
          <params>
            <param index="0">
              <value>
                <![CDATA[[TestResult name=BankManagerLogin status=SUCCESS method=BankManagerLogin.BankManagerLogin()[pri:0, instance:com.maven.practice.BankManagerLogin@1ffaf86] output={null}]]]>
              </value>
            </param>
          </params>
          <reporter-output>
            <line>
              <![CDATA[BankManagerLoginExecution is pass]]>
            </line>
          </reporter-output>
        </test-method> <!-- testResult -->
        <test-method is-config="true" signature="CloseApp()[pri:0, instance:com.maven.practice.BankManagerLogin@1ffaf86]" started-at="2023-11-27T21:51:04 IST" name="CloseApp" finished-at="2023-11-27T21:51:04 IST" duration-ms="52" status="FAIL">
          <exception class="org.openqa.selenium.UnhandledAlertException">
            <message>
              <![CDATA[Dismissed user prompt dialog: Customer added successfully with customer id :6: 
Build info: version: '4.15.0', revision: '1d14b5521b'
System info: os.name: 'Windows 11', os.arch: 'amd64', os.version: '10.0', java.version: '17.0.2'
Driver info: org.openqa.selenium.firefox.FirefoxDriver
Command: [9963c8fe-bbaa-49d2-8357-a010ba27296f, close {}]
Capabilities {acceptInsecureCerts: true, browserName: firefox, browserVersion: 120.0, moz:accessibilityChecks: false, moz:buildID: 20231116134553, moz:debuggerAddress: 127.0.0.1:46214, moz:geckodriverVersion: 0.33.0, moz:headless: false, moz:platformVersion: 10.0, moz:processID: 22804, moz:profile: C:\Users\komal\AppData\Loca..., moz:shutdownTimeout: 60000, moz:webdriverClick: true, moz:windowless: false, pageLoadStrategy: normal, platformName: windows, proxy: Proxy(), se:cdp: ws://127.0.0.1:46214/devtoo..., se:cdpVersion: 85.0, setWindowRect: true, strictFileInteractability: false, timeouts: {implicit: 0, pageLoad: 300000, script: 30000}, unhandledPromptBehavior: dismiss and notify}
Session ID: 9963c8fe-bbaa-49d2-8357-a010ba27296f]]>
            </message>
            <full-stacktrace>
              <![CDATA[org.openqa.selenium.UnhandledAlertException: Dismissed user prompt dialog: Customer added successfully with customer id :6: 
Build info: version: '4.15.0', revision: '1d14b5521b'
System info: os.name: 'Windows 11', os.arch: 'amd64', os.version: '10.0', java.version: '17.0.2'
Driver info: org.openqa.selenium.firefox.FirefoxDriver
Command: [9963c8fe-bbaa-49d2-8357-a010ba27296f, close {}]
Capabilities {acceptInsecureCerts: true, browserName: firefox, browserVersion: 120.0, moz:accessibilityChecks: false, moz:buildID: 20231116134553, moz:debuggerAddress: 127.0.0.1:46214, moz:geckodriverVersion: 0.33.0, moz:headless: false, moz:platformVersion: 10.0, moz:processID: 22804, moz:profile: C:\Users\komal\AppData\Loca..., moz:shutdownTimeout: 60000, moz:webdriverClick: true, moz:windowless: false, pageLoadStrategy: normal, platformName: windows, proxy: Proxy(), se:cdp: ws://127.0.0.1:46214/devtoo..., se:cdpVersion: 85.0, setWindowRect: true, strictFileInteractability: false, timeouts: {implicit: 0, pageLoad: 300000, script: 30000}, unhandledPromptBehavior: dismiss and notify}
Session ID: 9963c8fe-bbaa-49d2-8357-a010ba27296f
at org.openqa.selenium.remote.codec.w3c.W3CHttpResponseCodec.decode(W3CHttpResponseCodec.java:131)
at org.openqa.selenium.remote.codec.w3c.W3CHttpResponseCodec.decode(W3CHttpResponseCodec.java:52)
at org.openqa.selenium.remote.HttpCommandExecutor.execute(HttpCommandExecutor.java:191)
at org.openqa.selenium.remote.service.DriverCommandExecutor.invokeExecute(DriverCommandExecutor.java:200)
at org.openqa.selenium.remote.service.DriverCommandExecutor.execute(DriverCommandExecutor.java:175)
at org.openqa.selenium.remote.RemoteWebDriver.execute(RemoteWebDriver.java:607)
at org.openqa.selenium.remote.RemoteWebDriver.execute(RemoteWebDriver.java:680)
at org.openqa.selenium.remote.RemoteWebDriver.execute(RemoteWebDriver.java:684)
at org.openqa.selenium.remote.RemoteWebDriver.close(RemoteWebDriver.java:414)
at com.maven.practice.BestClass.CloseApp(BestClass.java:66)
at java.base/jdk.internal.reflect.NativeMethodAccessorImpl.invoke0(Native Method)
at java.base/jdk.internal.reflect.NativeMethodAccessorImpl.invoke(NativeMethodAccessorImpl.java:77)
at java.base/jdk.internal.reflect.DelegatingMethodAccessorImpl.invoke(DelegatingMethodAccessorImpl.java:43)
at java.base/java.lang.reflect.Method.invoke(Method.java:568)
at org.testng.internal.invokers.MethodInvocationHelper.invokeMethod(MethodInvocationHelper.java:139)
at org.testng.internal.invokers.MethodInvocationHelper.invokeMethodConsideringTimeout(MethodInvocationHelper.java:69)
at org.testng.internal.invokers.ConfigInvoker.invokeConfigurationMethod(ConfigInvoker.java:390)
at org.testng.internal.invokers.ConfigInvoker.invokeConfigurations(ConfigInvoker.java:325)
at org.testng.internal.invokers.TestMethodWorker.invokeAfterClassConfigurations(TestMethodWorker.java:229)
at org.testng.internal.invokers.TestMethodWorker.invokeAfterClassMethods(TestMethodWorker.java:215)
at org.testng.internal.invokers.TestMethodWorker.run(TestMethodWorker.java:131)
at java.base/java.util.ArrayList.forEach(ArrayList.java:1511)
at org.testng.TestRunner.privateRun(TestRunner.java:848)
at org.testng.TestRunner.run(TestRunner.java:621)
at org.testng.SuiteRunner.runTest(SuiteRunner.java:443)
at org.testng.SuiteRunner.runSequentially(SuiteRunner.java:437)
at org.testng.SuiteRunner.privateRun(SuiteRunner.java:397)
at org.testng.SuiteRunner.run(SuiteRunner.java:336)
at org.testng.SuiteRunnerWorker.runSuite(SuiteRunnerWorker.java:52)
at org.testng.SuiteRunnerWorker.run(SuiteRunnerWorker.java:95)
at org.testng.TestNG.runSuitesSequentially(TestNG.java:1280)
at org.testng.TestNG.runSuitesLocally(TestNG.java:1200)
at org.testng.TestNG.runSuites(TestNG.java:1114)
at org.testng.TestNG.run(TestNG.java:1082)
at org.testng.remote.AbstractRemoteTestNG.run(AbstractRemoteTestNG.java:115)
at org.testng.remote.RemoteTestNG.initAndRun(RemoteTestNG.java:251)
at org.testng.remote.RemoteTestNG.main(RemoteTestNG.java:77)
]]>
            </full-stacktrace>
          </exception> <!-- org.openqa.selenium.UnhandledAlertException -->
          <reporter-output>
          </reporter-output>
        </test-method> <!-- CloseApp -->
      </class> <!-- com.maven.practice.BankManagerLogin -->
    </test> <!-- Test -->
  </suite> <!-- Suite -->
</testng-results>
